Initialized native services in: /home/runner/.gradle/native
Initialized jansi services in: /home/runner/.gradle/native

Welcome to Gradle 8.14!

Here are the highlights of this release:
 - Java 24 support
 - GraalVM Native Image toolchain selection
 - Enhancements to test reporting
 - Build Authoring improvements

For more details see https://docs.gradle.org/8.14/release-notes.html

Removing 0 daemon stop events from registry
Starting a Gradle Daemon (subsequent builds will be faster)
Starting process 'Gradle build daemon'. Working directory: /home/runner/.gradle/daemon/8.14 Command: /usr/lib/jvm/temurin-21-jdk-amd64/bin/java --add-opens=java.base/java.lang=ALL-UNNAMED --add-opens=java.base/java.lang.invoke=ALL-UNNAMED --add-opens=java.base/java.util=ALL-UNNAMED --add-opens=java.prefs/java.util.prefs=ALL-UNNAMED --add-exports=jdk.compiler/com.sun.tools.javac.api=ALL-UNNAMED --add-exports=jdk.compiler/com.sun.tools.javac.util=ALL-UNNAMED --add-opens=java.base/java.util=ALL-UNNAMED --add-opens=java.prefs/java.util.prefs=ALL-UNNAMED --add-opens=java.base/java.nio.charset=ALL-UNNAMED --add-opens=java.base/java.net=ALL-UNNAMED --add-opens=java.base/java.util.concurrent.atomic=ALL-UNNAMED --add-opens=java.xml/javax.xml.namespace=ALL-UNNAMED -XX:MaxMetaspaceSize=1g -Xmx6g -Dfile.encoding=UTF-8 -Duser.country -Duser.language=en -Duser.variant -cp /home/runner/work/_temp/.gradle-actions/gradle-installations/installs/gradle-8.14/lib/gradle-daemon-main-8.14.jar -javaagent:/home/runner/work/_temp/.gradle-actions/gradle-installations/installs/gradle-8.14/lib/agents/gradle-instrumentation-agent-8.14.jar org.gradle.launcher.daemon.bootstrap.GradleDaemon 8.14
Successfully started process 'Gradle build daemon'
An attempt to start the daemon took 1.452 secs.
The client will now receive all logging from the daemon (pid: 2411). The daemon log file: /home/runner/.gradle/daemon/8.14/daemon-2411.out.log
Starting build in new daemon [memory: 6 GiB]
Using 2 worker leases.
Received JVM installation metadata from '/usr/lib/jvm/temurin-21-jdk-amd64': {JAVA_HOME=/usr/lib/jvm/temurin-21-jdk-amd64, JAVA_VERSION=21.0.11, JAVA_VENDOR=Eclipse Adoptium, RUNTIME_NAME=OpenJDK Runtime Environment, RUNTIME_VERSION=21.0.11+10-LTS, VM_NAME=OpenJDK 64-Bit Server VM, VM_VERSION=21.0.11+10-LTS, VM_VENDOR=Eclipse Adoptium, OS_ARCH=amd64}
Watching the file system is configured to be enabled if available
Now considering [/home/runner/work/TruePlayer/TruePlayer] as hierarchies to watch
File system watching is active
Caching disabled for Groovy DSL script compilation (cp_init) because:
  Build cache is disabled
  Not worth caching.
Compiling initialization script '/home/runner/.gradle/init.d/gradle-actions.build-result-capture.init.gradle' using SubsetScriptTransformer.
Caching disabled for Groovy DSL script compilation (init) because:
  Build cache is disabled
  Not worth caching.
Compiling initialization script '/home/runner/.gradle/init.d/gradle-actions.build-result-capture.init.gradle' using BuildScriptTransformer.
Caching disabled for Groovy DSL script compilation (cp_dsl) because:
  Build cache is disabled
  Not worth caching.
Compiling script '/home/runner/.gradle/init.d/gradle-actions.build-result-capture-service.plugin.groovy' using SubsetScriptTransformer.
Caching disabled for Groovy DSL script compilation (dsl) because:
  Build cache is disabled
  Not worth caching.
Compiling script '/home/runner/.gradle/init.d/gradle-actions.build-result-capture-service.plugin.groovy' using BuildScriptTransformer.
Caching disabled for Groovy DSL script compilation (cp_init) because:
  Build cache is disabled
  Not worth caching.
Compiling initialization script '/home/runner/.gradle/init.d/gradle-actions.github-dependency-graph.init.gradle' using SubsetScriptTransformer.
Caching disabled for Groovy DSL script compilation (init) because:
  Build cache is disabled
  Not worth caching.
Compiling initialization script '/home/runner/.gradle/init.d/gradle-actions.github-dependency-graph.init.gradle' using BuildScriptTransformer.
Caching disabled for Groovy DSL script compilation (cp_init) because:
  Build cache is disabled
  Not worth caching.
Compiling initialization script '/home/runner/.gradle/init.d/gradle-actions.inject-develocity.init.gradle' using SubsetScriptTransformer.
Caching disabled for Groovy DSL script compilation (init) because:
  Build cache is disabled
  Not worth caching.
Compiling initialization script '/home/runner/.gradle/init.d/gradle-actions.inject-develocity.init.gradle' using BuildScriptTransformer.
Starting Build
Caching disabled for Groovy DSL script compilation (cp_settings) because:
  Build cache is disabled
  Not worth caching.
Compiling settings file '/home/runner/work/TruePlayer/TruePlayer/settings.gradle' using SubsetScriptTransformer.
Caching disabled for Groovy DSL script compilation (settings) because:
  Build cache is disabled
  Not worth caching.
Compiling settings file '/home/runner/work/TruePlayer/TruePlayer/settings.gradle' using BuildScriptTransformer.
Settings evaluated using settings file '/home/runner/work/TruePlayer/TruePlayer/settings.gradle'.
Projects loaded. Root project using build file '/home/runner/work/TruePlayer/TruePlayer/build.gradle'.
Included projects: [root project 'TruePlayer']

> Configure project :
Evaluating root project 'TruePlayer' using build file '/home/runner/work/TruePlayer/TruePlayer/build.gradle'.
Caching disabled for Groovy DSL script compilation (cp_proj) because:
  Build cache is disabled
  Not worth caching.
Compiling build file '/home/runner/work/TruePlayer/TruePlayer/build.gradle' using SubsetScriptTransformer.
Resolved plugin [id: 'java']
Resolved plugin [id: 'io.papermc.paperweight.userdev', version: '2.0.0-beta.18']
Downloading https://plugins.gradle.org/m2/io/papermc/paperweight/paperweight-userdev/2.0.0-beta.18/paperweight-userdev-2.0.0-beta.18.jar to /home/runner/.gradle/.tmp/gradle_download9637234612797252884bin
Caching disabled for InstrumentationAnalysisTransform: /home/runner/.gradle/caches/modules-2/files-2.1/io.papermc.paperweight/paperweight-userdev/2.0.0-beta.18/4ba483973b9ce45eca8ecbb4de1d576ff1d7ca36/paperweight-userdev-2.0.0-beta.18.jar because:
  Build cache is disabled
  Caching not enabled.
Caching disabled for MergeInstrumentationAnalysisTransform: /home/runner/.gradle/caches/8.14/transforms/ccee0097ff56257e1a63eaa1a95a1ed5/transformed/.gradle-instrumented-classpath.marker because:
  Build cache is disabled
  Caching not enabled.
Caching disabled for MergeInstrumentationAnalysisTransform: /home/runner/.gradle/caches/8.14/transforms/ccee0097ff56257e1a63eaa1a95a1ed5/transformed/analysis/instrumentation-hierarchy.bin because:
  Build cache is disabled
  Caching not enabled.
Caching disabled for MergeInstrumentationAnalysisTransform: /home/runner/.gradle/caches/8.14/transforms/ccee0097ff56257e1a63eaa1a95a1ed5/transformed/analysis/instrumentation-dependencies.bin because:
  Build cache is disabled
  Caching not enabled.
Caching disabled for MergeInstrumentationAnalysisTransform: /home/runner/.gradle/caches/modules-2/files-2.1/io.papermc.paperweight/paperweight-userdev/2.0.0-beta.18/4ba483973b9ce45eca8ecbb4de1d576ff1d7ca36/paperweight-userdev-2.0.0-beta.18.jar because:
  Build cache is disabled
  Caching not enabled.
Caching disabled for ExternalDependencyInstrumentingArtifactTransform: /home/runner/.gradle/caches/8.14/transforms/438e9cb98f4d2d070381ee993cda586c/transformed/.gradle-instrumented-classpath.marker because:
  Build cache is disabled
  Caching not enabled.
Caching disabled for ExternalDependencyInstrumentingArtifactTransform: /home/runner/.gradle/caches/8.14/transforms/438e9cb98f4d2d070381ee993cda586c/transformed/merge/instrumentation-dependencies.bin because:
  Build cache is disabled
  Caching not enabled.
Caching disabled for ExternalDependencyInstrumentingArtifactTransform: /home/runner/.gradle/caches/modules-2/files-2.1/io.papermc.paperweight/paperweight-userdev/2.0.0-beta.18/4ba483973b9ce45eca8ecbb4de1d576ff1d7ca36/paperweight-userdev-2.0.0-beta.18.jar because:
  Build cache is disabled
  Caching not enabled.
Caching disabled for Groovy DSL script compilation (proj) because:
  Build cache is disabled
  Not worth caching.
Compiling build file '/home/runner/work/TruePlayer/TruePlayer/build.gradle' using BuildScriptTransformer.
Downloading https://repo.papermc.io/repository/maven-public/io/papermc/paper/dev-bundle/1.21.11-R0.1-SNAPSHOT/dev-bundle-1.21.11-R0.1-20260511.115010-91.zip to /home/runner/.gradle/.tmp/gradle_download11581673484195321145bin
Downloading https://repo.papermc.io/repository/maven-public/io/papermc/mache/1.21.11+build.1/mache-1.21.11+build.1.zip to /home/runner/.gradle/.tmp/gradle_download13220293326901601841bin
All projects evaluated.
Task name matched 'build'
Selected primary task 'build' from project :
Starting process 'command '/usr/lib/jvm/temurin-17-jdk-amd64/bin/java''. Working directory: /home/runner/.gradle/.tmp/tmp-jvm14187732929428911950probe Command: /usr/lib/jvm/temurin-17-jdk-amd64/bin/java -Xmx32m -Xms32m -cp . JavaProbe
Successfully started process 'command '/usr/lib/jvm/temurin-17-jdk-amd64/bin/java''
Received JVM installation metadata from '/usr/lib/jvm/temurin-17-jdk-amd64': {JAVA_HOME=/usr/lib/jvm/temurin-17-jdk-amd64, JAVA_VERSION=17.0.19, JAVA_VENDOR=Eclipse Adoptium, RUNTIME_NAME=OpenJDK Runtime Environment, RUNTIME_VERSION=17.0.19+10, VM_NAME=OpenJDK 64-Bit Server VM, VM_VERSION=17.0.19+10, VM_VENDOR=Eclipse Adoptium, OS_ARCH=amd64}
Starting process 'command '/usr/lib/jvm/temurin-8-jdk-amd64/bin/java''. Working directory: /home/runner/.gradle/.tmp/tmp-jvm1982360435908987745probe Command: /usr/lib/jvm/temurin-8-jdk-amd64/bin/java -Xmx32m -Xms32m -cp . JavaProbe
Successfully started process 'command '/usr/lib/jvm/temurin-8-jdk-amd64/bin/java''
Received JVM installation metadata from '/usr/lib/jvm/temurin-8-jdk-amd64': {JAVA_HOME=/usr/lib/jvm/temurin-8-jdk-amd64/jre, JAVA_VERSION=1.8.0_492, JAVA_VENDOR=Temurin, RUNTIME_NAME=OpenJDK Runtime Environment, RUNTIME_VERSION=1.8.0_492-b09, VM_NAME=OpenJDK 64-Bit Server VM, VM_VERSION=25.492-b09, VM_VENDOR=Temurin, OS_ARCH=amd64}
Starting process 'command '/usr/lib/jvm/temurin-25-jdk-amd64/bin/java''. Working directory: /home/runner/.gradle/.tmp/tmp-jvm12676672191119917234probe Command: /usr/lib/jvm/temurin-25-jdk-amd64/bin/java -Xmx32m -Xms32m -cp . JavaProbe
Successfully started process 'command '/usr/lib/jvm/temurin-25-jdk-amd64/bin/java''
Received JVM installation metadata from '/usr/lib/jvm/temurin-25-jdk-amd64': {JAVA_HOME=/usr/lib/jvm/temurin-25-jdk-amd64, JAVA_VERSION=25.0.3, JAVA_VENDOR=Eclipse Adoptium, RUNTIME_NAME=OpenJDK Runtime Environment, RUNTIME_VERSION=25.0.3+9-LTS, VM_NAME=OpenJDK 64-Bit Server VM, VM_VERSION=25.0.3+9-LTS, VM_VENDOR=Eclipse Adoptium, OS_ARCH=amd64}
Starting process 'command '/usr/lib/jvm/temurin-11-jdk-amd64/bin/java''. Working directory: /home/runner/.gradle/.tmp/tmp-jvm13760449429142258592probe Command: /usr/lib/jvm/temurin-11-jdk-amd64/bin/java -Xmx32m -Xms32m -cp . JavaProbe
Successfully started process 'command '/usr/lib/jvm/temurin-11-jdk-amd64/bin/java''
Received JVM installation metadata from '/usr/lib/jvm/temurin-11-jdk-amd64': {JAVA_HOME=/usr/lib/jvm/temurin-11-jdk-amd64, JAVA_VERSION=11.0.31, JAVA_VENDOR=Eclipse Adoptium, RUNTIME_NAME=OpenJDK Runtime Environment, RUNTIME_VERSION=11.0.31+11, VM_NAME=OpenJDK 64-Bit Server VM, VM_VERSION=11.0.31+11, VM_VENDOR=Eclipse Adoptium, OS_ARCH=amd64}
Tasks to be executed: [task ':paperweightUserdevSetup', task ':compileJava', task ':processResources', task ':classes', task ':jar', task ':assemble', task ':compileTestJava', task ':processTestResources', task ':testClasses', task ':test', task ':check', task ':build']
Tasks that were excluded: []
Resolve mutations for :paperweightUserdevSetup (Thread[#69,included builds,5,main]) started.
:paperweightUserdevSetup (Thread[#69,included builds,5,main]) started.

> Task :paperweightUserdevSetup
Downloading https://repo.papermc.io/repository/maven-public/io/papermc/codebook/codebook-cli/1.0.18/codebook-cli-1.0.18-all.jar to /home/runner/.gradle/.tmp/gradle_download18168940832561890066bin
Downloading https://repo.papermc.io/repository/maven-public/io/papermc/parchment/data/parchment/1.21.11-pre3+build.2/parchment-1.21.11-pre3+build.2.zip to /home/runner/.gradle/.tmp/gradle_download13992912471144556547bin
Downloading https://repo.maven.apache.org/maven2/org/vineflower/vineflower/1.11.2/vineflower-1.11.2.jar to /home/runner/.gradle/.tmp/gradle_download6494511752139370645bin
Downloading https://repo.maven.apache.org/maven2/net/neoforged/AutoRenamingTool/2.0.5/AutoRenamingTool-2.0.5-all.jar to /home/runner/.gradle/.tmp/gradle_download9963242254737820798bin
Caching disabled for task ':paperweightUserdevSetup' because:
  Build cache is disabled
  Caching has not been enabled for the task
Task ':paperweightUserdevSetup' is not up-to-date because:
  No history is available.
applyPaperclipPatch
	vanillaServerDownloads
Graph building for [FileOutputValue(name='output.jar', owner='applyPaperclipPatch')] took 1ms
Input hash for applyPaperclipPatch: c9a53f01acfb65c4a1dc2a7800c5c82b06fd8bca489383ff45ca9abd7808383a
Skipping applyPaperclipPatch (up-to-date)
Up-to-date check for applyPaperclipPatch took 39ms (up-to-date)
Execution of [FileOutputValue(name='output.jar', owner='applyPaperclipPatch')] took 39ms
Completed setup in 425ms
Copied artifacts to project cache in 32ms
Resolve mutations for :compileJava (Thread[#69,included builds,5,main]) started.
:compileJava (Thread[#69,included builds,5,main]) started.

> Task :compileJava
Downloading https://repo.papermc.io/repository/maven-public/ca/spottedleaf/concurrentutil/0.0.8/concurrentutil-0.0.8.jar to /home/runner/.gradle/.tmp/gradle_download5446592022180357524bin
Downloading https://repo.papermc.io/repository/maven-public/io/papermc/paper/paper-api/1.21.11-R0.1-SNAPSHOT/paper-api-1.21.11-R0.1-20260511.115010-91.jar to /home/runner/.gradle/.tmp/gradle_download5989896656470923930bin
Downloading https://repo.maven.apache.org/maven2/org/jline/jline-terminal-ffm/3.27.1/jline-terminal-ffm-3.27.1.jar to /home/runner/.gradle/.tmp/gradle_download5451579280984454824bin
Downloading https://repo.maven.apache.org/maven2/net/minecrell/terminalconsoleappender/1.3.0/terminalconsoleappender-1.3.0.jar to /home/runner/.gradle/.tmp/gradle_download15432563059785467604bin
Downloading https://repo.maven.apache.org/maven2/org/jline/jline-terminal-jni/3.27.1/jline-terminal-jni-3.27.1.jar to /home/runner/.gradle/.tmp/gradle_download7784211041284392334bin
Downloading https://repo.maven.apache.org/maven2/net/kyori/adventure-text-logger-slf4j/4.26.1/adventure-text-logger-slf4j-4.26.1.jar to /home/runner/.gradle/.tmp/gradle_download2156627347093268677bin
Downloading https://repo.maven.apache.org/maven2/net/kyori/adventure-text-minimessage/4.26.1/adventure-text-minimessage-4.26.1.jar to /home/runner/.gradle/.tmp/gradle_download8055286998273482408bin
Downloading https://repo.maven.apache.org/maven2/net/kyori/adventure-text-serializer-legacy/4.26.1/adventure-text-serializer-legacy-4.26.1.jar to /home/runner/.gradle/.tmp/gradle_download5270073902773694345bin
Downloading https://repo.maven.apache.org/maven2/net/kyori/adventure-text-serializer-plain/4.26.1/adventure-text-serializer-plain-4.26.1.jar to /home/runner/.gradle/.tmp/gradle_download10470647486735901743bin
Downloading https://repo.maven.apache.org/maven2/net/kyori/adventure-text-serializer-gson/4.26.1/adventure-text-serializer-gson-4.26.1.jar to /home/runner/.gradle/.tmp/gradle_download17655226613225068765bin
Downloading https://repo.maven.apache.org/maven2/net/kyori/adventure-text-serializer-json/4.26.1/adventure-text-serializer-json-4.26.1.jar to /home/runner/.gradle/.tmp/gradle_download10954085629058648287bin
Downloading https://repo.maven.apache.org/maven2/net/kyori/adventure-api/4.26.1/adventure-api-4.26.1.jar to /home/runner/.gradle/.tmp/gradle_download14940782536925721287bin
Downloading https://repo.maven.apache.org/maven2/net/kyori/adventure-key/4.26.1/adventure-key-4.26.1.jar to /home/runner/.gradle/.tmp/gradle_download14848699813579346742bin
Downloading https://repo.maven.apache.org/maven2/net/kyori/adventure-text-serializer-ansi/4.26.1/adventure-text-serializer-ansi-4.26.1.jar to /home/runner/.gradle/.tmp/gradle_download17525718932398589540bin
Downloading https://repo.maven.apache.org/maven2/org/apache/logging/log4j/log4j-core/2.25.2/log4j-core-2.25.2.jar to /home/runner/.gradle/.tmp/gradle_download9367083282544615967bin
Downloading https://repo.papermc.io/repository/maven-public/com/velocitypowered/velocity-native/3.4.0-SNAPSHOT/velocity-native-3.4.0-20260121.190037-118.jar to /home/runner/.gradle/.tmp/gradle_download636959060366730199bin
Downloading https://repo.maven.apache.org/maven2/io/netty/netty-codec-haproxy/4.2.7.Final/netty-codec-haproxy-4.2.7.Final.jar to /home/runner/.gradle/.tmp/gradle_download17581460397586090740bin
Downloading https://repo.maven.apache.org/maven2/org/apache/logging/log4j/log4j-iostreams/2.24.1/log4j-iostreams-2.24.1.jar to /home/runner/.gradle/.tmp/gradle_download4530194396658716403bin
Downloading https://repo.papermc.io/repository/maven-public/io/papermc/reflection-rewriter/0.0.3/reflection-rewriter-0.0.3.jar to /home/runner/.gradle/.tmp/gradle_download18325042147123647340bin
Downloading https://repo.papermc.io/repository/maven-public/io/papermc/reflection-rewriter-proxy-generator/0.0.3/reflection-rewriter-proxy-generator-0.0.3.jar to /home/runner/.gradle/.tmp/gradle_download1827510617246697938bin
Downloading https://repo.papermc.io/repository/maven-public/io/papermc/asm-utils/0.0.3/asm-utils-0.0.3.jar to /home/runner/.gradle/.tmp/gradle_download4073461861240739016bin
Downloading https://repo.maven.apache.org/maven2/org/ow2/asm/asm-commons/9.9.1/asm-commons-9.9.1.jar to /home/runner/.gradle/.tmp/gradle_download16218342757695798873bin
Downloading https://repo.maven.apache.org/maven2/org/spongepowered/configurate-yaml/4.2.0/configurate-yaml-4.2.0.jar to /home/runner/.gradle/.tmp/gradle_download2492823163188015367bin
Downloading https://repo.maven.apache.org/maven2/net/neoforged/AutoRenamingTool/2.0.3/AutoRenamingTool-2.0.3.jar to /home/runner/.gradle/.tmp/gradle_download1495715713339347503bin
Downloading https://repo.maven.apache.org/maven2/com/googlecode/json-simple/json-simple/1.1.1/json-simple-1.1.1.jar to /home/runner/.gradle/.tmp/gradle_download13912157215895909866bin
Downloading https://repo.papermc.io/repository/maven-public/io/papermc/reflection-rewriter-runtime/0.0.3/reflection-rewriter-runtime-0.0.3.jar to /home/runner/.gradle/.tmp/gradle_download2096048516335803195bin
Downloading https://repo.maven.apache.org/maven2/net/neoforged/srgutils/1.0.9/srgutils-1.0.9.jar to /home/runner/.gradle/.tmp/gradle_download18242389178138611208bin
Downloading https://repo.papermc.io/repository/maven-public/me/lucko/spark-api/0.1-SNAPSHOT/spark-api-0.1-20240720.200737-2.jar to /home/runner/.gradle/.tmp/gradle_download6861223319027727899bin
Downloading https://repo.papermc.io/repository/maven-public/me/lucko/spark-paper/1.10.152/spark-paper-1.10.152.jar to /home/runner/.gradle/.tmp/gradle_download5218083216899106378bin
Downloading https://repo.maven.apache.org/maven2/com/google/guava/guava/33.5.0-jre/guava-33.5.0-jre.jar to /home/runner/.gradle/.tmp/gradle_download13199130080914112716bin
Downloading https://repo.papermc.io/repository/maven-public/net/md-5/bungeecord-chat/1.21-R0.2-deprecated+build.21/bungeecord-chat-1.21-R0.2-deprecated+build.21.jar to /home/runner/.gradle/.tmp/gradle_download13387393372808207628bin
Downloading https://repo.maven.apache.org/maven2/com/google/code/gson/gson/2.13.2/gson-2.13.2.jar to /home/runner/.gradle/.tmp/gradle_download430652200870791170bin
Downloading https://repo.maven.apache.org/maven2/org/yaml/snakeyaml/2.2/snakeyaml-2.2.jar to /home/runner/.gradle/.tmp/gradle_download4918683336299164510bin
Downloading https://repo.maven.apache.org/maven2/org/joml/joml/1.10.8/joml-1.10.8.jar to /home/runner/.gradle/.tmp/gradle_download9174186881968277102bin
Downloading https://repo.maven.apache.org/maven2/it/unimi/dsi/fastutil/8.5.18/fastutil-8.5.18.jar to /home/runner/.gradle/.tmp/gradle_download1701884069288190356bin
Downloading https://repo.maven.apache.org/maven2/org/apache/logging/log4j/log4j-api/2.25.2/log4j-api-2.25.2.jar to /home/runner/.gradle/.tmp/gradle_download14051147669580578313bin
Downloading https://repo.maven.apache.org/maven2/org/apache/maven/maven-resolver-provider/3.9.6/maven-resolver-provider-3.9.6.jar to /home/runner/.gradle/.tmp/gradle_download18330017792657706122bin
Downloading https://repo.maven.apache.org/maven2/org/apache/maven/resolver/maven-resolver-impl/1.9.18/maven-resolver-impl-1.9.18.jar to /home/runner/.gradle/.tmp/gradle_download16270738493881516422bin
Downloading https://repo.maven.apache.org/maven2/org/apache/maven/resolver/maven-resolver-named-locks/1.9.18/maven-resolver-named-locks-1.9.18.jar to /home/runner/.gradle/.tmp/gradle_download15462592433052569828bin
Downloading https://repo.maven.apache.org/maven2/org/slf4j/slf4j-api/2.0.17/slf4j-api-2.0.17.jar to /home/runner/.gradle/.tmp/gradle_download12642196504174532619bin
Downloading https://repo.papermc.io/repository/maven-public/com/mojang/brigadier/1.3.10/brigadier-1.3.10.jar to /home/runner/.gradle/.tmp/gradle_download8336448570251016571bin
Downloading https://repo.maven.apache.org/maven2/org/spongepowered/configurate-core/4.2.0/configurate-core-4.2.0.jar to /home/runner/.gradle/.tmp/gradle_download15249717078861887553bin
Downloading https://repo.maven.apache.org/maven2/org/jspecify/jspecify/1.0.0/jspecify-1.0.0.jar to /home/runner/.gradle/.tmp/gradle_download3800573959922357710bin
Downloading https://repo.maven.apache.org/maven2/net/kyori/option/1.1.0/option-1.1.0.jar to /home/runner/.gradle/.tmp/gradle_download5862985931688661219bin
Downloading https://repo.maven.apache.org/maven2/org/checkerframework/checker-qual/3.49.2/checker-qual-3.49.2.jar to /home/runner/.gradle/.tmp/gradle_download17530362828064744075bin
Downloading https://repo.maven.apache.org/maven2/org/jline/jline-reader/3.20.0/jline-reader-3.20.0.jar to /home/runner/.gradle/.tmp/gradle_download432792497038791876bin
Downloading https://repo.maven.apache.org/maven2/org/jline/jline-terminal/3.27.1/jline-terminal-3.27.1.jar to /home/runner/.gradle/.tmp/gradle_download13098180420762208604bin
Downloading https://repo.maven.apache.org/maven2/org/jline/jline-native/3.27.1/jline-native-3.27.1.jar to /home/runner/.gradle/.tmp/gradle_download14342781967902752464bin
Downloading https://repo.maven.apache.org/maven2/io/netty/netty-codec-base/4.2.7.Final/netty-codec-base-4.2.7.Final.jar to /home/runner/.gradle/.tmp/gradle_download13514504608226513938bin
Downloading https://repo.maven.apache.org/maven2/io/netty/netty-transport/4.2.7.Final/netty-transport-4.2.7.Final.jar to /home/runner/.gradle/.tmp/gradle_download11357233713942485644bin
Downloading https://repo.maven.apache.org/maven2/io/netty/netty-buffer/4.2.7.Final/netty-buffer-4.2.7.Final.jar to /home/runner/.gradle/.tmp/gradle_download12880703500468303123bin
Downloading https://repo.maven.apache.org/maven2/org/ow2/asm/asm-tree/9.9.1/asm-tree-9.9.1.jar to /home/runner/.gradle/.tmp/gradle_download7722085064402775968bin
Downloading https://repo.maven.apache.org/maven2/org/ow2/asm/asm/9.9.1/asm-9.9.1.jar to /home/runner/.gradle/.tmp/gradle_download5590537579423323904bin
Downloading https://repo.maven.apache.org/maven2/com/google/errorprone/error_prone_annotations/2.41.0/error_prone_annotations-2.41.0.jar to /home/runner/.gradle/.tmp/gradle_download13352151666905179204bin
Downloading https://repo.maven.apache.org/maven2/net/neoforged/installertools/cli-utils/2.1.4/cli-utils-2.1.4.jar to /home/runner/.gradle/.tmp/gradle_download10537196617772102957bin
Downloading https://repo.maven.apache.org/maven2/at/yawk/lz4/lz4-java/1.8.1/lz4-java-1.8.1.jar to /home/runner/.gradle/.tmp/gradle_download11301165318533614966bin
Downloading https://repo.maven.apache.org/maven2/com/azure/azure-json/1.4.0/azure-json-1.4.0.jar to /home/runner/.gradle/.tmp/gradle_download3359796330074034371bin
Downloading https://repo.maven.apache.org/maven2/com/github/oshi/oshi-core/6.9.0/oshi-core-6.9.0.jar to /home/runner/.gradle/.tmp/gradle_download8413134430084723271bin
Downloading https://repo.maven.apache.org/maven2/com/google/guava/failureaccess/1.0.3/failureaccess-1.0.3.jar to /home/runner/.gradle/.tmp/gradle_download1963582674560093037bin
Downloading https://repo.papermc.io/repository/maven-public/com/mojang/authlib/7.0.61/authlib-7.0.61.jar to /home/runner/.gradle/.tmp/gradle_download5646762265721968222bin
Downloading https://repo.maven.apache.org/maven2/com/microsoft/azure/msal4j/1.23.1/msal4j-1.23.1.jar to /home/runner/.gradle/.tmp/gradle_download8392204712310285865bin
Downloading https://repo.papermc.io/repository/maven-public/com/mojang/datafixerupper/9.0.19/datafixerupper-9.0.19.jar to /home/runner/.gradle/.tmp/gradle_download18143441202190172533bin
Downloading https://repo.papermc.io/repository/maven-public/com/mojang/jtracy/1.0.37/jtracy-1.0.37.jar to /home/runner/.gradle/.tmp/gradle_download10528597752570342586bin
Downloading https://repo.papermc.io/repository/maven-public/com/mojang/logging/1.6.11/logging-1.6.11.jar to /home/runner/.gradle/.tmp/gradle_download16098367476038183383bin
Downloading https://repo.maven.apache.org/maven2/commons-io/commons-io/2.20.0/commons-io-2.20.0.jar to /home/runner/.gradle/.tmp/gradle_download4987461256979386767bin
Downloading https://repo.maven.apache.org/maven2/io/netty/netty-codec-compression/4.2.7.Final/netty-codec-compression-4.2.7.Final.jar to /home/runner/.gradle/.tmp/gradle_download17606080680049416910bin
Downloading https://repo.maven.apache.org/maven2/io/netty/netty-codec-http/4.2.7.Final/netty-codec-http-4.2.7.Final.jar to /home/runner/.gradle/.tmp/gradle_download9317771774371353529bin
Downloading https://repo.maven.apache.org/maven2/io/netty/netty-resolver/4.2.7.Final/netty-resolver-4.2.7.Final.jar to /home/runner/.gradle/.tmp/gradle_download9681482093942083320bin
Downloading https://repo.maven.apache.org/maven2/io/netty/netty-common/4.2.7.Final/netty-common-4.2.7.Final.jar to /home/runner/.gradle/.tmp/gradle_download12474329550332595975bin
Downloading https://repo.maven.apache.org/maven2/io/netty/netty-handler/4.2.7.Final/netty-handler-4.2.7.Final.jar to /home/runner/.gradle/.tmp/gradle_download2132337319046648396bin
Downloading https://repo.maven.apache.org/maven2/io/netty/netty-transport-classes-epoll/4.2.7.Final/netty-transport-classes-epoll-4.2.7.Final.jar to /home/runner/.gradle/.tmp/gradle_download16593137162831786755bin
Downloading https://repo.maven.apache.org/maven2/io/netty/netty-transport-classes-kqueue/4.2.7.Final/netty-transport-classes-kqueue-4.2.7.Final.jar to /home/runner/.gradle/.tmp/gradle_download10193576409761427865bin
Downloading https://repo.maven.apache.org/maven2/io/netty/netty-transport-native-epoll/4.2.7.Final/netty-transport-native-epoll-4.2.7.Final-linux-x86_64.jar to /home/runner/.gradle/.tmp/gradle_download7373464983660806488bin
Downloading https://repo.maven.apache.org/maven2/io/netty/netty-transport-native-epoll/4.2.7.Final/netty-transport-native-epoll-4.2.7.Final-linux-aarch_64.jar to /home/runner/.gradle/.tmp/gradle_download6329415023802100092bin
Downloading https://repo.maven.apache.org/maven2/io/netty/netty-transport-native-kqueue/4.2.7.Final/netty-transport-native-kqueue-4.2.7.Final-osx-x86_64.jar to /home/runner/.gradle/.tmp/gradle_download10527877940065829779bin
Downloading https://repo.maven.apache.org/maven2/io/netty/netty-transport-native-kqueue/4.2.7.Final/netty-transport-native-kqueue-4.2.7.Final-osx-aarch_64.jar to /home/runner/.gradle/.tmp/gradle_download506174448185473195bin
Downloading https://repo.maven.apache.org/maven2/io/netty/netty-transport-native-unix-common/4.2.7.Final/netty-transport-native-unix-common-4.2.7.Final.jar to /home/runner/.gradle/.tmp/gradle_download15997744001670177914bin
Downloading https://repo.maven.apache.org/maven2/net/java/dev/jna/jna/5.17.0/jna-5.17.0.jar to /home/runner/.gradle/.tmp/gradle_download6043527610317241411bin
Downloading https://repo.maven.apache.org/maven2/net/java/dev/jna/jna-platform/5.17.0/jna-platform-5.17.0.jar to /home/runner/.gradle/.tmp/gradle_download14522271801714932386bin
Downloading https://repo.maven.apache.org/maven2/net/sf/jopt-simple/jopt-simple/5.0.4/jopt-simple-5.0.4.jar to /home/runner/.gradle/.tmp/gradle_download14913164234209208579bin
Downloading https://repo.maven.apache.org/maven2/org/apache/maven/maven-model-builder/3.9.6/maven-model-builder-3.9.6.jar to /home/runner/.gradle/.tmp/gradle_download16700014711203487968bin
Downloading https://repo.maven.apache.org/maven2/org/apache/maven/maven-artifact/3.9.6/maven-artifact-3.9.6.jar to /home/runner/.gradle/.tmp/gradle_download971616624768626708bin
Downloading https://repo.maven.apache.org/maven2/org/apache/commons/commons-lang3/3.19.0/commons-lang3-3.19.0.jar to /home/runner/.gradle/.tmp/gradle_download2933972744689134739bin
Downloading https://repo.maven.apache.org/maven2/org/apache/logging/log4j/log4j-slf4j2-impl/2.25.2/log4j-slf4j2-impl-2.25.2.jar to /home/runner/.gradle/.tmp/gradle_download17164297960985178855bin
Downloading https://repo.maven.apache.org/maven2/net/kyori/examination-api/1.3.0/examination-api-1.3.0.jar to /home/runner/.gradle/.tmp/gradle_download16696933845062639584bin
Downloading https://repo.maven.apache.org/maven2/net/kyori/examination-string/1.3.0/examination-string-1.3.0.jar to /home/runner/.gradle/.tmp/gradle_download18158942559517567922bin
Downloading https://repo.maven.apache.org/maven2/org/jetbrains/annotations/26.0.2-1/annotations-26.0.2-1.jar to /home/runner/.gradle/.tmp/gradle_download6265984735689490099bin
Downloading https://repo.maven.apache.org/maven2/net/kyori/ansi/1.1.1/ansi-1.1.1.jar to /home/runner/.gradle/.tmp/gradle_download16779263472189503948bin
Downloading https://repo.maven.apache.org/maven2/com/google/code/findbugs/jsr305/3.0.2/jsr305-3.0.2.jar to /home/runner/.gradle/.tmp/gradle_download17808320013382828671bin
Downloading https://repo.maven.apache.org/maven2/com/github/spotbugs/spotbugs-annotations/4.8.6/spotbugs-annotations-4.8.6.jar to /home/runner/.gradle/.tmp/gradle_download13904309328723679784bin
Downloading https://repo.maven.apache.org/maven2/org/apache/maven/maven-model/3.9.6/maven-model-3.9.6.jar to /home/runner/.gradle/.tmp/gradle_download10065838808500791114bin
Downloading https://repo.maven.apache.org/maven2/org/apache/maven/maven-repository-metadata/3.9.6/maven-repository-metadata-3.9.6.jar to /home/runner/.gradle/.tmp/gradle_download16503967863020606826bin
Downloading https://repo.maven.apache.org/maven2/org/apache/maven/resolver/maven-resolver-spi/1.9.18/maven-resolver-spi-1.9.18.jar to /home/runner/.gradle/.tmp/gradle_download4237237057577341977bin
Downloading https://repo.maven.apache.org/maven2/org/apache/maven/resolver/maven-resolver-util/1.9.18/maven-resolver-util-1.9.18.jar to /home/runner/.gradle/.tmp/gradle_download12339263660332944116bin
Downloading https://repo.maven.apache.org/maven2/org/apache/maven/resolver/maven-resolver-api/1.9.18/maven-resolver-api-1.9.18.jar to /home/runner/.gradle/.tmp/gradle_download16882810844863918594bin
Downloading https://repo.maven.apache.org/maven2/org/codehaus/plexus/plexus-utils/3.5.1/plexus-utils-3.5.1.jar to /home/runner/.gradle/.tmp/gradle_download9879412105235895459bin
Downloading https://repo.maven.apache.org/maven2/javax/inject/javax.inject/1/javax.inject-1.jar to /home/runner/.gradle/.tmp/gradle_download9290600206512073255bin
Downloading https://repo.maven.apache.org/maven2/io/leangen/geantyref/geantyref/1.3.16/geantyref-1.3.16.jar to /home/runner/.gradle/.tmp/gradle_download3243508443236753500bin
Downloading https://repo.maven.apache.org/maven2/com/google/guava/listenablefuture/9999.0-empty-to-avoid-conflict-with-guava/listenablefuture-9999.0-empty-to-avoid-conflict-with-guava.jar to /home/runner/.gradle/.tmp/gradle_download15598711075538224802bin
Downloading https://repo.maven.apache.org/maven2/com/google/j2objc/j2objc-annotations/3.1/j2objc-annotations-3.1.jar to /home/runner/.gradle/.tmp/gradle_download15221407523276654027bin
Downloading https://repo.maven.apache.org/maven2/org/osgi/org.osgi.annotation.bundle/2.0.0/org.osgi.annotation.bundle-2.0.0.jar to /home/runner/.gradle/.tmp/gradle_download1310080254362739192bin
Downloading https://repo.maven.apache.org/maven2/biz/aQute/bnd/biz.aQute.bnd.annotation/7.1.0/biz.aQute.bnd.annotation-7.1.0.jar to /home/runner/.gradle/.tmp/gradle_download1890577177264786756bin
Downloading https://repo.maven.apache.org/maven2/org/osgi/org.osgi.annotation.versioning/1.1.2/org.osgi.annotation.versioning-1.1.2.jar to /home/runner/.gradle/.tmp/gradle_download10172754931285617362bin
Downloading https://repo.maven.apache.org/maven2/org/codehaus/plexus/plexus-interpolation/1.26/plexus-interpolation-1.26.jar to /home/runner/.gradle/.tmp/gradle_download12028555263882100270bin
Downloading https://repo.maven.apache.org/maven2/com/google/auto/service/auto-service-annotations/1.1.1/auto-service-annotations-1.1.1.jar to /home/runner/.gradle/.tmp/gradle_download4558439859055592284bin
Downloading https://repo.maven.apache.org/maven2/org/apache/maven/maven-builder-support/3.9.6/maven-builder-support-3.9.6.jar to /home/runner/.gradle/.tmp/gradle_download9580199046666089454bin
Downloading https://repo.maven.apache.org/maven2/org/eclipse/sisu/org.eclipse.sisu.inject/0.9.0.M2/org.eclipse.sisu.inject-0.9.0.M2.jar to /home/runner/.gradle/.tmp/gradle_download15498952332840009025bin
Downloading https://repo.maven.apache.org/maven2/org/osgi/org.osgi.resource/1.0.0/org.osgi.resource-1.0.0.jar to /home/runner/.gradle/.tmp/gradle_download14906494036906864971bin
Downloading https://repo.maven.apache.org/maven2/org/osgi/org.osgi.service.serviceloader/1.0.0/org.osgi.service.serviceloader-1.0.0.jar to /home/runner/.gradle/.tmp/gradle_download15452089757936269575bin
Caching disabled for task ':compileJava' because:
  Build cache is disabled
Task ':compileJava' is not up-to-date because:
  No history is available.
The input changes require a full rebuild for incremental task ':compileJava'.
Compilation mode: in-process compilation
Full recompilation is required because no incremental change information is available. This is usually caused by clean builds or changing compiler arguments.
Compiling with toolchain '/usr/lib/jvm/temurin-21-jdk-amd64'.
Compiling with JDK Java compiler API.
/home/runner/work/TruePlayer/TruePlayer/src/main/java/me/yourname/trueplayer/fake/FakePlayerManager.java:233: error: cannot find symbol
        lines.add("§6TruePlayer 区块调试：§e" + fakePlayer.getGameProfile().getName());
                                                                      ^
  symbol:   method getName()
  location: class GameProfile
Note: /home/runner/work/TruePlayer/TruePlayer/src/main/java/me/yourname/trueplayer/fake/FakePlayerManager.java uses or overrides a deprecated API.
Note: Recompile with -Xlint:deprecation for details.
1 error

> Task :compileJava FAILED
gradle/actions: Writing build results to /home/runner/work/_temp/.gradle-actions/build-results/__run-1779970703803.json
paperweight-userdev: Acquired cache maintenance lock in 2ms
paperweight-userdev: Finished cache maintenance in 5ms

[Incubating] Problems report is available at: file:///home/runner/work/TruePlayer/TruePlayer/build/reports/problems/problems-report.html

FAILURE: Build failed with an exception.

* What went wrong:
Execution failed for task ':compileJava'.
> Compilation failed; see the compiler output below.
  Note: /home/runner/work/TruePlayer/TruePlayer/src/main/java/me/yourname/trueplayer/fake/FakePlayerManager.java uses or overrides a deprecated API.
  Note: Recompile with -Xlint:deprecation for details.
  /home/runner/work/TruePlayer/TruePlayer/src/main/java/me/yourname/trueplayer/fake/FakePlayerManager.java:233: error: cannot find symbol
          lines.add("§6TruePlayer 区块调试：§e" + fakePlayer.getGameProfile().getName());
                                                                        ^
    symbol:   method getName()
    location: class GameProfile
  1 error

* Try:
> Check your code and dependencies to fix the compilation error(s)
> Run with --scan to get full insights.

* Exception is:
org.gradle.api.tasks.TaskExecutionException: Execution failed for task ':compileJava'.
	at org.gradle.api.internal.tasks.execution.ExecuteActionsTaskExecuter.lambda$executeIfValid$1(ExecuteActionsTaskExecuter.java:130)
	at org.gradle.internal.Try$Failure.ifSuccessfulOrElse(Try.java:293)
	at org.gradle.api.internal.tasks.execution.ExecuteActionsTaskExecuter.executeIfValid(ExecuteActionsTaskExecuter.java:128)
	at org.gradle.api.internal.tasks.execution.ExecuteActionsTaskExecuter.execute(ExecuteActionsTaskExecuter.java:116)
	at org.gradle.api.internal.tasks.execution.ProblemsTaskPathTrackingTaskExecuter.execute(ProblemsTaskPathTrackingTaskExecuter.java:41)
	at org.gradle.api.internal.tasks.execution.FinalizePropertiesTaskExecuter.execute(FinalizePropertiesTaskExecuter.java:46)
	at org.gradle.api.internal.tasks.execution.ResolveTaskExecutionModeExecuter.execute(ResolveTaskExecutionModeExecuter.java:51)
	at org.gradle.api.internal.tasks.execution.SkipTaskWithNoActionsExecuter.execute(SkipTaskWithNoActionsExecuter.java:57)
	at org.gradle.api.internal.tasks.execution.SkipOnlyIfTaskExecuter.execute(SkipOnlyIfTaskExecuter.java:74)
	at org.gradle.api.internal.tasks.execution.CatchExceptionTaskExecuter.execute(CatchExceptionTaskExecuter.java:36)
	at org.gradle.api.internal.tasks.execution.EventFiringTaskExecuter$1.executeTask(EventFiringTaskExecuter.java:77)
	at org.gradle.api.internal.tasks.execution.EventFiringTaskExecuter$1.call(EventFiringTaskExecuter.java:55)
	at org.gradle.api.internal.tasks.execution.EventFiringTaskExecuter$1.call(EventFiringTaskExecuter.java:52)
	at org.gradle.internal.operations.DefaultBuildOperationRunner$CallableBuildOperationWorker.execute(DefaultBuildOperationRunner.java:210)
	at org.gradle.internal.operations.DefaultBuildOperationRunner$CallableBuildOperationWorker.execute(DefaultBuildOperationRunner.java:205)
	at org.gradle.internal.operations.DefaultBuildOperationRunner$2.execute(DefaultBuildOperationRunner.java:67)
	at org.gradle.internal.operations.DefaultBuildOperationRunner$2.execute(DefaultBuildOperationRunner.java:60)
	at org.gradle.internal.operations.DefaultBuildOperationRunner.execute(DefaultBuildOperationRunner.java:167)
	at org.gradle.internal.operations.DefaultBuildOperationRunner.execute(DefaultBuildOperationRunner.java:60)
	at org.gradle.internal.operations.DefaultBuildOperationRunner.call(DefaultBuildOperationRunner.java:54)
	at org.gradle.api.internal.tasks.execution.EventFiringTaskExecuter.execute(EventFiringTaskExecuter.java:52)
	at org.gradle.execution.plan.LocalTaskNodeExecutor.execute(LocalTaskNodeExecutor.java:42)
	at org.gradle.execution.taskgraph.DefaultTaskExecutionGraph$InvokeNodeExecutorsAction.execute(DefaultTaskExecutionGraph.java:331)
	at org.gradle.execution.taskgraph.DefaultTaskExecutionGraph$InvokeNodeExecutorsAction.execute(DefaultTaskExecutionGraph.java:318)
	at org.gradle.execution.taskgraph.DefaultTaskExecutionGraph$BuildOperationAwareExecutionAction.lambda$execute$0(DefaultTaskExecutionGraph.java:314)
	at org.gradle.internal.operations.CurrentBuildOperationRef.with(CurrentBuildOperationRef.java:85)
	at org.gradle.execution.taskgraph.DefaultTaskExecutionGraph$BuildOperationAwareExecutionAction.execute(DefaultTaskExecutionGraph.java:314)
	at org.gradle.execution.taskgraph.DefaultTaskExecutionGraph$BuildOperationAwareExecutionAction.execute(DefaultTaskExecutionGraph.java:303)
	at org.gradle.execution.plan.DefaultPlanExecutor$ExecutorWorker.execute(DefaultPlanExecutor.java:459)
	at org.gradle.execution.plan.DefaultPlanExecutor$ExecutorWorker.run(DefaultPlanExecutor.java:376)
	at org.gradle.execution.plan.DefaultPlanExecutor.process(DefaultPlanExecutor.java:111)
	at org.gradle.execution.taskgraph.DefaultTaskExecutionGraph.executeWithServices(DefaultTaskExecutionGraph.java:138)
	at org.gradle.execution.taskgraph.DefaultTaskExecutionGraph.execute(DefaultTaskExecutionGraph.java:123)
	at org.gradle.execution.SelectedTaskExecutionAction.execute(SelectedTaskExecutionAction.java:35)
	at org.gradle.execution.DryRunBuildExecutionAction.execute(DryRunBuildExecutionAction.java:51)
	at org.gradle.execution.BuildOperationFiringBuildWorkerExecutor$ExecuteTasks.call(BuildOperationFiringBuildWorkerExecutor.java:54)
	at org.gradle.execution.BuildOperationFiringBuildWorkerExecutor$ExecuteTasks.call(BuildOperationFiringBuildWorkerExecutor.java:43)
	at org.gradle.internal.operations.DefaultBuildOperationRunner$CallableBuildOperationWorker.execute(DefaultBuildOperationRunner.java:210)
	at org.gradle.internal.operations.DefaultBuildOperationRunner$CallableBuildOperationWorker.execute(DefaultBuildOperationRunner.java:205)
	at org.gradle.internal.operations.DefaultBuildOperationRunner$2.execute(DefaultBuildOperationRunner.java:67)
	at org.gradle.internal.operations.DefaultBuildOperationRunner$2.execute(DefaultBuildOperationRunner.java:60)
	at org.gradle.internal.operations.DefaultBuildOperationRunner.execute(DefaultBuildOperationRunner.java:167)
	at org.gradle.internal.operations.DefaultBuildOperationRunner.execute(DefaultBuildOperationRunner.java:60)
	at org.gradle.internal.operations.DefaultBuildOperationRunner.call(DefaultBuildOperationRunner.java:54)
	at org.gradle.execution.BuildOperationFiringBuildWorkerExecutor.execute(BuildOperationFiringBuildWorkerExecutor.java:40)
	at org.gradle.internal.build.DefaultBuildLifecycleController.lambda$executeTasks$10(DefaultBuildLifecycleController.java:313)
	at org.gradle.internal.model.StateTransitionController.doTransition(StateTransitionController.java:266)
	at org.gradle.internal.model.StateTransitionController.lambda$tryTransition$8(StateTransitionController.java:177)
	at org.gradle.internal.work.DefaultSynchronizer.withLock(DefaultSynchronizer.java:46)
	at org.gradle.internal.model.StateTransitionController.tryTransition(StateTransitionController.java:177)
	at org.gradle.internal.build.DefaultBuildLifecycleController.executeTasks(DefaultBuildLifecycleController.java:304)
	at org.gradle.internal.build.DefaultBuildWorkGraphController$DefaultBuildWorkGraph.runWork(DefaultBuildWorkGraphController.java:220)
	at org.gradle.internal.work.DefaultWorkerLeaseService.withLocks(DefaultWorkerLeaseService.java:263)
	at org.gradle.internal.work.DefaultWorkerLeaseService.runAsWorkerThread(DefaultWorkerLeaseService.java:127)
	at org.gradle.composite.internal.DefaultBuildController.doRun(DefaultBuildController.java:181)
	at org.gradle.composite.internal.DefaultBuildController.access$000(DefaultBuildController.java:50)
	at org.gradle.composite.internal.DefaultBuildController$BuildOpRunnable.lambda$run$0(DefaultBuildController.java:198)
	at org.gradle.internal.operations.CurrentBuildOperationRef.with(CurrentBuildOperationRef.java:85)
	at org.gradle.composite.internal.DefaultBuildController$BuildOpRunnable.run(DefaultBuildController.java:198)
	at org.gradle.internal.concurrent.ExecutorPolicy$CatchAndRecordFailures.onExecute(ExecutorPolicy.java:64)
	at org.gradle.internal.concurrent.AbstractManagedExecutor$1.run(AbstractManagedExecutor.java:48)
Caused by: org.gradle.api.internal.tasks.compile.CompilationFailedException: Compilation failed; see the compiler output below.
Note: /home/runner/work/TruePlayer/TruePlayer/src/main/java/me/yourname/trueplayer/fake/FakePlayerManager.java uses or overrides a deprecated API.
Note: Recompile with -Xlint:deprecation for details.
/home/runner/work/TruePlayer/TruePlayer/src/main/java/me/yourname/trueplayer/fake/FakePlayerManager.java:233: error: cannot find symbol
        lines.add("§6TruePlayer 区块调试：§e" + fakePlayer.getGameProfile().getName());
                                                                      ^
  symbol:   method getName()
  location: class GameProfile
1 error
	at org.gradle.api.internal.tasks.compile.JdkJavaCompiler.execute(JdkJavaCompiler.java:89)
	at org.gradle.api.internal.tasks.compile.JdkJavaCompiler.execute(JdkJavaCompiler.java:50)
	at org.gradle.api.internal.tasks.compile.NormalizingJavaCompiler.delegateAndHandleErrors(NormalizingJavaCompiler.java:98)
	at org.gradle.api.internal.tasks.compile.NormalizingJavaCompiler.execute(NormalizingJavaCompiler.java:52)
	at org.gradle.api.internal.tasks.compile.NormalizingJavaCompiler.execute(NormalizingJavaCompiler.java:38)
	at org.gradle.api.internal.tasks.compile.AnnotationProcessorDiscoveringCompiler.execute(AnnotationProcessorDiscoveringCompiler.java:52)
	at org.gradle.api.internal.tasks.compile.AnnotationProcessorDiscoveringCompiler.execute(AnnotationProcessorDiscoveringCompiler.java:38)
	at org.gradle.api.internal.tasks.compile.ModuleApplicationNameWritingCompiler.execute(ModuleApplicationNameWritingCompiler.java:46)
	at org.gradle.api.internal.tasks.compile.ModuleApplicationNameWritingCompiler.execute(ModuleApplicationNameWritingCompiler.java:36)
	at org.gradle.jvm.toolchain.internal.DefaultToolchainJavaCompiler.execute(DefaultToolchainJavaCompiler.java:57)
	at org.gradle.api.tasks.compile.JavaCompile.lambda$createToolchainCompiler$3(JavaCompile.java:206)
	at org.gradle.api.internal.tasks.compile.CleaningJavaCompiler.execute(CleaningJavaCompiler.java:53)
	at org.gradle.api.internal.tasks.compile.incremental.IncrementalCompilerFactory.lambda$createRebuildAllCompiler$0(IncrementalCompilerFactory.java:55)
	at org.gradle.api.internal.tasks.compile.incremental.SelectiveCompiler.execute(SelectiveCompiler.java:70)
	at org.gradle.api.internal.tasks.compile.incremental.SelectiveCompiler.execute(SelectiveCompiler.java:44)
	at org.gradle.api.internal.tasks.compile.incremental.IncrementalResultStoringCompiler.execute(IncrementalResultStoringCompiler.java:66)
	at org.gradle.api.internal.tasks.compile.incremental.IncrementalResultStoringCompiler.execute(IncrementalResultStoringCompiler.java:52)
	at org.gradle.api.internal.tasks.compile.CompileJavaBuildOperationReportingCompiler$1.call(CompileJavaBuildOperationReportingCompiler.java:64)
	at org.gradle.api.internal.tasks.compile.CompileJavaBuildOperationReportingCompiler$1.call(CompileJavaBuildOperationReportingCompiler.java:48)
	at org.gradle.internal.operations.DefaultBuildOperationRunner$CallableBuildOperationWorker.execute(DefaultBuildOperationRunner.java:210)
	at org.gradle.internal.operations.DefaultBuildOperationRunner$CallableBuildOperationWorker.execute(DefaultBuildOperationRunner.java:205)
	at org.gradle.internal.operations.DefaultBuildOperationRunner$2.execute(DefaultBuildOperationRunner.java:67)
	at org.gradle.internal.operations.DefaultBuildOperationRunner$2.execute(DefaultBuildOperationRunner.java:60)
	at org.gradle.internal.operations.DefaultBuildOperationRunner.execute(DefaultBuildOperationRunner.java:167)
	at org.gradle.internal.operations.DefaultBuildOperationRunner.execute(DefaultBuildOperationRunner.java:60)
	at org.gradle.internal.operations.DefaultBuildOperationRunner.call(DefaultBuildOperationRunner.java:54)
	at org.gradle.api.internal.tasks.compile.CompileJavaBuildOperationReportingCompiler.execute(CompileJavaBuildOperationReportingCompiler.java:48)
	at org.gradle.api.tasks.compile.JavaCompile.performCompilation(JavaCompile.java:224)
	at org.gradle.api.tasks.compile.JavaCompile.performIncrementalCompilation(JavaCompile.java:165)
	at org.gradle.api.tasks.compile.JavaCompile.compile(JavaCompile.java:150)
	at java.base/jdk.internal.reflect.DirectMethodHandleAccessor.invoke(DirectMethodHandleAccessor.java:103)
	at org.gradle.internal.reflect.JavaMethod.invoke(JavaMethod.java:125)
	at org.gradle.api.internal.project.taskfactory.IncrementalTaskAction.doExecute(IncrementalTaskAction.java:45)
	at org.gradle.api.internal.project.taskfactory.StandardTaskAction.execute(StandardTaskAction.java:51)
	at org.gradle.api.internal.project.taskfactory.IncrementalTaskAction.execute(IncrementalTaskAction.java:26)
	at org.gradle.api.internal.project.taskfactory.StandardTaskAction.execute(StandardTaskAction.java:29)
	at org.gradle.api.internal.tasks.execution.TaskExecution$3.run(TaskExecution.java:244)
	at org.gradle.internal.operations.DefaultBuildOperationRunner$1.execute(DefaultBuildOperationRunner.java:30)
	at org.gradle.internal.operations.DefaultBuildOperationRunner$1.execute(DefaultBuildOperationRunner.java:27)
	at org.gradle.internal.operations.DefaultBuildOperationRunner$2.execute(DefaultBuildOperationRunner.java:67)
	at org.gradle.internal.operations.DefaultBuildOperationRunner$2.execute(DefaultBuildOperationRunner.java:60)
	at org.gradle.internal.operations.DefaultBuildOperationRunner.execute(DefaultBuildOperationRunner.java:167)
	at org.gradle.internal.operations.DefaultBuildOperationRunner.execute(DefaultBuildOperationRunner.java:60)
	at org.gradle.internal.operations.DefaultBuildOperationRunner.run(DefaultBuildOperationRunner.java:48)
	at org.gradle.api.internal.tasks.execution.TaskExecution.executeAction(TaskExecution.java:229)
	at org.gradle.api.internal.tasks.execution.TaskExecution.executeActions(TaskExecution.java:212)
	at org.gradle.api.internal.tasks.execution.TaskExecution.executeWithPreviousOutputFiles(TaskExecution.java:195)
	at org.gradle.api.internal.tasks.execution.TaskExecution.execute(TaskExecution.java:162)
	at org.gradle.internal.execution.steps.ExecuteStep.executeInternal(ExecuteStep.java:105)
	at org.gradle.internal.execution.steps.ExecuteStep.access$000(ExecuteStep.java:44)
	at org.gradle.internal.execution.steps.ExecuteStep$1.call(ExecuteStep.java:59)
	at org.gradle.internal.execution.steps.ExecuteStep$1.call(ExecuteStep.java:56)
	at org.gradle.internal.operations.DefaultBuildOperationRunner$CallableBuildOperationWorker.execute(DefaultBuildOperationRunner.java:210)
	at org.gradle.internal.operations.DefaultBuildOperationRunner$CallableBuildOperationWorker.execute(DefaultBuildOperationRunner.java:205)
	at org.gradle.internal.operations.DefaultBuildOperationRunner$2.execute(DefaultBuildOperationRunner.java:67)
	at org.gradle.internal.operations.DefaultBuildOperationRunner$2.execute(DefaultBuildOperationRunner.java:60)
	at org.gradle.internal.operations.DefaultBuildOperationRunner.execute(DefaultBuildOperationRunner.java:167)
	at org.gradle.internal.operations.DefaultBuildOperationRunner.execute(DefaultBuildOperationRunner.java:60)
	at org.gradle.internal.operations.DefaultBuildOperationRunner.call(DefaultBuildOperationRunner.java:54)
	at org.gradle.internal.execution.steps.ExecuteStep.execute(ExecuteStep.java:56)
	at org.gradle.internal.execution.steps.ExecuteStep.execute(ExecuteStep.java:44)
	at org.gradle.internal.execution.steps.CancelExecutionStep.execute(CancelExecutionStep.java:42)
	at org.gradle.internal.execution.steps.TimeoutStep.executeWithoutTimeout(TimeoutStep.java:75)
	at org.gradle.internal.execution.steps.TimeoutStep.execute(TimeoutStep.java:55)
	at org.gradle.internal.execution.steps.PreCreateOutputParentsStep.execute(PreCreateOutputParentsStep.java:50)
	at org.gradle.internal.execution.steps.PreCreateOutputParentsStep.execute(PreCreateOutputParentsStep.java:28)
	at org.gradle.internal.execution.steps.RemovePreviousOutputsStep.execute(RemovePreviousOutputsStep.java:67)
	at org.gradle.internal.execution.steps.RemovePreviousOutputsStep.execute(RemovePreviousOutputsStep.java:37)
	at org.gradle.internal.execution.steps.BroadcastChangingOutputsStep.execute(BroadcastChangingOutputsStep.java:61)
	at org.gradle.internal.execution.steps.BroadcastChangingOutputsStep.execute(BroadcastChangingOutputsStep.java:26)
	at org.gradle.internal.execution.steps.CaptureOutputsAfterExecutionStep.execute(CaptureOutputsAfterExecutionStep.java:69)
	at org.gradle.internal.execution.steps.CaptureOutputsAfterExecutionStep.execute(CaptureOutputsAfterExecutionStep.java:46)
	at org.gradle.internal.execution.steps.ResolveInputChangesStep.execute(ResolveInputChangesStep.java:40)
	at org.gradle.internal.execution.steps.ResolveInputChangesStep.execute(ResolveInputChangesStep.java:29)
	at org.gradle.internal.execution.steps.BuildCacheStep.executeWithoutCache(BuildCacheStep.java:189)
	at org.gradle.internal.execution.steps.BuildCacheStep.lambda$execute$1(BuildCacheStep.java:75)
	at org.gradle.internal.Either$Right.fold(Either.java:175)
	at org.gradle.internal.execution.caching.CachingState.fold(CachingState.java:62)
	at org.gradle.internal.execution.steps.BuildCacheStep.execute(BuildCacheStep.java:73)
	at org.gradle.internal.execution.steps.BuildCacheStep.execute(BuildCacheStep.java:48)
	at org.gradle.internal.execution.steps.StoreExecutionStateStep.execute(StoreExecutionStateStep.java:46)
	at org.gradle.internal.execution.steps.StoreExecutionStateStep.execute(StoreExecutionStateStep.java:35)
	at org.gradle.internal.execution.steps.SkipUpToDateStep.executeBecause(SkipUpToDateStep.java:75)
	at org.gradle.internal.execution.steps.SkipUpToDateStep.lambda$execute$2(SkipUpToDateStep.java:53)
	at org.gradle.internal.execution.steps.SkipUpToDateStep.execute(SkipUpToDateStep.java:53)
	at org.gradle.internal.execution.steps.SkipUpToDateStep.execute(SkipUpToDateStep.java:35)
	at org.gradle.internal.execution.steps.legacy.MarkSnapshottingInputsFinishedStep.execute(MarkSnapshottingInputsFinishedStep.java:37)
	at org.gradle.internal.execution.steps.legacy.MarkSnapshottingInputsFinishedStep.execute(MarkSnapshottingInputsFinishedStep.java:27)
	at org.gradle.internal.execution.steps.ResolveIncrementalCachingStateStep.executeDelegate(ResolveIncrementalCachingStateStep.java:49)
	at org.gradle.internal.execution.steps.ResolveIncrementalCachingStateStep.executeDelegate(ResolveIncrementalCachingStateStep.java:27)
	at org.gradle.internal.execution.steps.AbstractResolveCachingStateStep.execute(AbstractResolveCachingStateStep.java:71)
	at org.gradle.internal.execution.steps.AbstractResolveCachingStateStep.execute(AbstractResolveCachingStateStep.java:39)
	at org.gradle.internal.execution.steps.ResolveChangesStep.execute(ResolveChangesStep.java:65)
	at org.gradle.internal.execution.steps.ResolveChangesStep.execute(ResolveChangesStep.java:36)
	at org.gradle.internal.execution.steps.ValidateStep.execute(ValidateStep.java:107)
	at org.gradle.internal.execution.steps.ValidateStep.execute(ValidateStep.java:56)
	at org.gradle.internal.execution.steps.AbstractCaptureStateBeforeExecutionStep.execute(AbstractCaptureStateBeforeExecutionStep.java:64)
	at org.gradle.internal.execution.steps.AbstractCaptureStateBeforeExecutionStep.execute(AbstractCaptureStateBeforeExecutionStep.java:43)
	at org.gradle.internal.execution.steps.AbstractSkipEmptyWorkStep.executeWithNonEmptySources(AbstractSkipEmptyWorkStep.java:125)
	at org.gradle.internal.execution.steps.AbstractSkipEmptyWorkStep.execute(AbstractSkipEmptyWorkStep.java:61)
	at org.gradle.internal.execution.steps.AbstractSkipEmptyWorkStep.execute(AbstractSkipEmptyWorkStep.java:36)
	at org.gradle.internal.execution.steps.legacy.MarkSnapshottingInputsStartedStep.execute(MarkSnapshottingInputsStartedStep.java:38)
	at org.gradle.internal.execution.steps.LoadPreviousExecutionStateStep.execute(LoadPreviousExecutionStateStep.java:36)
	at org.gradle.internal.execution.steps.LoadPreviousExecutionStateStep.execute(LoadPreviousExecutionStateStep.java:23)
	at org.gradle.internal.execution.steps.HandleStaleOutputsStep.execute(HandleStaleOutputsStep.java:75)
	at org.gradle.internal.execution.steps.HandleStaleOutputsStep.execute(HandleStaleOutputsStep.java:41)
	at org.gradle.internal.execution.steps.AssignMutableWorkspaceStep.lambda$execute$0(AssignMutableWorkspaceStep.java:35)
	at org.gradle.api.internal.tasks.execution.TaskExecution$4.withWorkspace(TaskExecution.java:289)
	at org.gradle.internal.execution.steps.AssignMutableWorkspaceStep.execute(AssignMutableWorkspaceStep.java:31)
	at org.gradle.internal.execution.steps.AssignMutableWorkspaceStep.execute(AssignMutableWorkspaceStep.java:22)
	at org.gradle.internal.execution.steps.ChoosePipelineStep.execute(ChoosePipelineStep.java:40)
	at org.gradle.internal.execution.steps.ChoosePipelineStep.execute(ChoosePipelineStep.java:23)
	at org.gradle.internal.execution.steps.ExecuteWorkBuildOperationFiringStep.lambda$execute$2(ExecuteWorkBuildOperationFiringStep.java:67)
	at org.gradle.internal.execution.steps.ExecuteWorkBuildOperationFiringStep.execute(ExecuteWorkBuildOperationFiringStep.java:67)
	at org.gradle.internal.execution.steps.ExecuteWorkBuildOperationFiringStep.execute(ExecuteWorkBuildOperationFiringStep.java:39)
	at org.gradle.internal.execution.steps.IdentityCacheStep.execute(IdentityCacheStep.java:46)
	at org.gradle.internal.execution.steps.IdentityCacheStep.execute(IdentityCacheStep.java:34)
	at org.gradle.internal.execution.steps.IdentifyStep.execute(IdentifyStep.java:48)
	at org.gradle.internal.execution.steps.IdentifyStep.execute(IdentifyStep.java:35)
	at org.gradle.internal.execution.impl.DefaultExecutionEngine$1.execute(DefaultExecutionEngine.java:64)
	at org.gradle.api.internal.tasks.execution.ExecuteActionsTaskExecuter.executeIfValid(ExecuteActionsTaskExecuter.java:127)
	at org.gradle.api.internal.tasks.execution.ExecuteActionsTaskExecuter.execute(ExecuteActionsTaskExecuter.java:116)
	at org.gradle.api.internal.tasks.execution.ProblemsTaskPathTrackingTaskExecuter.execute(ProblemsTaskPathTrackingTaskExecuter.java:41)
	at org.gradle.api.internal.tasks.execution.FinalizePropertiesTaskExecuter.execute(FinalizePropertiesTaskExecuter.java:46)
	at org.gradle.api.internal.tasks.execution.ResolveTaskExecutionModeExecuter.execute(ResolveTaskExecutionModeExecuter.java:51)
	at org.gradle.api.internal.tasks.execution.SkipTaskWithNoActionsExecuter.execute(SkipTaskWithNoActionsExecuter.java:57)
	at org.gradle.api.internal.tasks.execution.SkipOnlyIfTaskExecuter.execute(SkipOnlyIfTaskExecuter.java:74)
	at org.gradle.api.internal.tasks.execution.CatchExceptionTaskExecuter.execute(CatchExceptionTaskExecuter.java:36)
	at org.gradle.api.internal.tasks.execution.EventFiringTaskExecuter$1.executeTask(EventFiringTaskExecuter.java:77)
	at org.gradle.api.internal.tasks.execution.EventFiringTaskExecuter$1.call(EventFiringTaskExecuter.java:55)
	at org.gradle.api.internal.tasks.execution.EventFiringTaskExecuter$1.call(EventFiringTaskExecuter.java:52)
	at org.gradle.internal.operations.DefaultBuildOperationRunner$CallableBuildOperationWorker.execute(DefaultBuildOperationRunner.java:210)
	at org.gradle.internal.operations.DefaultBuildOperationRunner$CallableBuildOperationWorker.execute(DefaultBuildOperationRunner.java:205)
	at org.gradle.internal.operations.DefaultBuildOperationRunner$2.execute(DefaultBuildOperationRunner.java:67)
	at org.gradle.internal.operations.DefaultBuildOperationRunner$2.execute(DefaultBuildOperationRunner.java:60)
	at org.gradle.internal.operations.DefaultBuildOperationRunner.execute(DefaultBuildOperationRunner.java:167)
	at org.gradle.internal.operations.DefaultBuildOperationRunner.execute(DefaultBuildOperationRunner.java:60)
	at org.gradle.internal.operations.DefaultBuildOperationRunner.call(DefaultBuildOperationRunner.java:54)
	at org.gradle.api.internal.tasks.execution.EventFiringTaskExecuter.execute(EventFiringTaskExecuter.java:52)
	at org.gradle.execution.plan.LocalTaskNodeExecutor.execute(LocalTaskNodeExecutor.java:42)
	at org.gradle.execution.taskgraph.DefaultTaskExecutionGraph$InvokeNodeExecutorsAction.execute(DefaultTaskExecutionGraph.java:331)
	at org.gradle.execution.taskgraph.DefaultTaskExecutionGraph$InvokeNodeExecutorsAction.execute(DefaultTaskExecutionGraph.java:318)
	at org.gradle.execution.taskgraph.DefaultTaskExecutionGraph$BuildOperationAwareExecutionAction.lambda$execute$0(DefaultTaskExecutionGraph.java:314)
	at org.gradle.internal.operations.CurrentBuildOperationRef.with(CurrentBuildOperationRef.java:85)
	at org.gradle.execution.taskgraph.DefaultTaskExecutionGraph$BuildOperationAwareExecutionAction.execute(DefaultTaskExecutionGraph.java:314)
	at org.gradle.execution.taskgraph.DefaultTaskExecutionGraph$BuildOperationAwareExecutionAction.execute(DefaultTaskExecutionGraph.java:303)
	at org.gradle.execution.plan.DefaultPlanExecutor$ExecutorWorker.execute(DefaultPlanExecutor.java:459)
	at org.gradle.execution.plan.DefaultPlanExecutor$ExecutorWorker.run(DefaultPlanExecutor.java:376)
	at org.gradle.execution.plan.DefaultPlanExecutor.process(DefaultPlanExecutor.java:111)
	at org.gradle.execution.taskgraph.DefaultTaskExecutionGraph.executeWithServices(DefaultTaskExecutionGraph.java:138)
	at org.gradle.execution.taskgraph.DefaultTaskExecutionGraph.execute(DefaultTaskExecutionGraph.java:123)
	at org.gradle.execution.SelectedTaskExecutionAction.execute(SelectedTaskExecutionAction.java:35)
	at org.gradle.execution.DryRunBuildExecutionAction.execute(DryRunBuildExecutionAction.java:51)
	at org.gradle.execution.BuildOperationFiringBuildWorkerExecutor$ExecuteTasks.call(BuildOperationFiringBuildWorkerExecutor.java:54)
	at org.gradle.execution.BuildOperationFiringBuildWorkerExecutor$ExecuteTasks.call(BuildOperationFiringBuildWorkerExecutor.java:43)
	at org.gradle.internal.operations.DefaultBuildOperationRunner$CallableBuildOperationWorker.execute(DefaultBuildOperationRunner.java:210)
	at org.gradle.internal.operations.DefaultBuildOperationRunner$CallableBuildOperationWorker.execute(DefaultBuildOperationRunner.java:205)
	at org.gradle.internal.operations.DefaultBuildOperationRunner$2.execute(DefaultBuildOperationRunner.java:67)
	at org.gradle.internal.operations.DefaultBuildOperationRunner$2.execute(DefaultBuildOperationRunner.java:60)
	at org.gradle.internal.operations.DefaultBuildOperationRunner.execute(DefaultBuildOperationRunner.java:167)
	at org.gradle.internal.operations.DefaultBuildOperationRunner.execute(DefaultBuildOperationRunner.java:60)
	at org.gradle.internal.operations.DefaultBuildOperationRunner.call(DefaultBuildOperationRunner.java:54)
	at org.gradle.execution.BuildOperationFiringBuildWorkerExecutor.execute(BuildOperationFiringBuildWorkerExecutor.java:40)
	at org.gradle.internal.build.DefaultBuildLifecycleController.lambda$executeTasks$10(DefaultBuildLifecycleController.java:313)
	at org.gradle.internal.model.StateTransitionController.doTransition(StateTransitionController.java:266)
	at org.gradle.internal.model.StateTransitionController.lambda$tryTransition$8(StateTransitionController.java:177)
	at org.gradle.internal.work.DefaultSynchronizer.withLock(DefaultSynchronizer.java:46)
	at org.gradle.internal.model.StateTransitionController.tryTransition(StateTransitionController.java:177)
	at org.gradle.internal.build.DefaultBuildLifecycleController.executeTasks(DefaultBuildLifecycleController.java:304)
	at org.gradle.internal.build.DefaultBuildWorkGraphController$DefaultBuildWorkGraph.runWork(DefaultBuildWorkGraphController.java:220)
	at org.gradle.internal.work.DefaultWorkerLeaseService.withLocks(DefaultWorkerLeaseService.java:263)
	at org.gradle.internal.work.DefaultWorkerLeaseService.runAsWorkerThread(DefaultWorkerLeaseService.java:127)
	at org.gradle.composite.internal.DefaultBuildController.doRun(DefaultBuildController.java:181)
	at org.gradle.composite.internal.DefaultBuildController.access$000(DefaultBuildController.java:50)
	at org.gradle.composite.internal.DefaultBuildController$BuildOpRunnable.lambda$run$0(DefaultBuildController.java:198)
	at org.gradle.internal.operations.CurrentBuildOperationRef.with(CurrentBuildOperationRef.java:85)
	at org.gradle.composite.internal.DefaultBuildController$BuildOpRunnable.run(DefaultBuildController.java:198)
	at org.gradle.internal.concurrent.ExecutorPolicy$CatchAndRecordFailures.onExecute(ExecutorPolicy.java:64)
	at org.gradle.internal.concurrent.AbstractManagedExecutor$1.run(AbstractManagedExecutor.java:48)


BUILD FAILED in 25s
2 actionable tasks: 2 executed
